
> @signalto/api@0.1.0 dev
> wrangler dev --local --port 8787


 ⛅️ wrangler 4.81.1 (update available 4.82.1)
─────────────────────────────────────────────
⎔ Starting local server...
[wrangler:info] Ready on http://127.0.0.1:8787
⎔ Reloading local server...
⎔ Local server updated and ready
⎔ Reloading local server...
⎔ Local server updated and ready
⎔ Reloading local server...
⎔ Local server updated and ready
⎔ Reloading local server...
⎔ Local server updated and ready
⎔ Reloading local server...
⎔ Local server updated and ready
⎔ Reloading local server...
⎔ Local server updated and ready
⎔ Reloading local server...
⎔ Local server updated and ready
⎔ Reloading local server...
⎔ Local server updated and ready
⎔ Reloading local server...
⎔ Local server updated and ready
⎔ Reloading local server...
⎔ Local server updated and ready
