[2m2:42:03 p.m.[22m [31m[1m[vite][22m[39m [31m[2m(client)[22m[39m Pre-transform error: Failed to load url /src/router.tsx (resolved id: C:/Users/dummy1/Documents/TorontoTransit/apps/web/src/router.tsx) in C:/Users/dummy1/Documents/TorontoTransit/apps/web/src/main.tsx. Does the file exist?
[2m2:47:12 p.m.[22m [31m[1m[vite][22m[39m [31mInternal server error: Transform failed with 1 error:
C:/Users/dummy1/Documents/TorontoTransit/apps/web/src/router.tsx:543:0: ERROR: Unexpected end of file before a closing "div" tag[39m
  Plugin: [35mvite:esbuild[39m
  File: [36mC:/Users/dummy1/Documents/TorontoTransit/apps/web/src/router.tsx[39m:543:0
[33m  
  [33mUnexpected end of file before a closing "div" tag[33m
  541 |    return (
  542 |      <div className="signalto-app">
  543 |  
      |  ^
  [39m
      at failureErrorWithLog (C:\Users\dummy1\Documents\TorontoTransit\node_modules\esbuild\lib\main.js:1467:15)
      at C:\Users\dummy1\Documents\TorontoTransit\node_modules\esbuild\lib\main.js:736:50
      at responseCallbacks.<computed> (C:\Users\dummy1\Documents\TorontoTransit\node_modules\esbuild\lib\main.js:603:9)
      at handleIncomingPacket (C:\Users\dummy1\Documents\TorontoTransit\node_modules\esbuild\lib\main.js:658:12)
      at Socket.readFromStdout (C:\Users\dummy1\Documents\TorontoTransit\node_modules\esbuild\lib\main.js:581:7)
      at Socket.emit (node:events:508:28)
      at addChunk (node:internal/streams/readable:563:12)
      at readableAddChunkPushByteMode (node:internal/streams/readable:514:3)
      at Readable.push (node:internal/streams/readable:394:5)
      at Pipe.onStreamRead (node:internal/stream_base_commons:189:23)
[2m2:47:12 p.m.[22m [31m[1m[vite][22m[39m [31m[2m(client)[22m[39m Pre-transform error: Transform failed with 1 error:
C:/Users/dummy1/Documents/TorontoTransit/apps/web/src/router.tsx:543:0: ERROR: Unexpected end of file before a closing "div" tag
  Plugin: [35mvite:esbuild[39m
  File: [36mC:/Users/dummy1/Documents/TorontoTransit/apps/web/src/router.tsx[39m:543:0
[33m  
  [33mUnexpected end of file before a closing "div" tag[33m
  541 |    return (
  542 |      <div className="signalto-app">
  543 |  
      |  ^
  [39m
[2m2:47:58 p.m.[22m [31m[1m[vite][22m[39m [31mInternal server error: Transform failed with 1 error:
C:/Users/dummy1/Documents/TorontoTransit/apps/web/src/router.tsx:755:0: ERROR: Unexpected end of file before a closing "section" tag[39m
  Plugin: [35mvite:esbuild[39m
  File: [36mC:/Users/dummy1/Documents/TorontoTransit/apps/web/src/router.tsx[39m:755:0
[33m  
  [33mUnexpected end of file before a closing "section" tag[33m
  753 |              </div>
  754 |            </div>
  755 |  
      |  ^
  [39m
      at failureErrorWithLog (C:\Users\dummy1\Documents\TorontoTransit\node_modules\esbuild\lib\main.js:1467:15)
      at C:\Users\dummy1\Documents\TorontoTransit\node_modules\esbuild\lib\main.js:736:50
      at responseCallbacks.<computed> (C:\Users\dummy1\Documents\TorontoTransit\node_modules\esbuild\lib\main.js:603:9)
      at handleIncomingPacket (C:\Users\dummy1\Documents\TorontoTransit\node_modules\esbuild\lib\main.js:658:12)
      at Socket.readFromStdout (C:\Users\dummy1\Documents\TorontoTransit\node_modules\esbuild\lib\main.js:581:7)
      at Socket.emit (node:events:508:28)
      at addChunk (node:internal/streams/readable:563:12)
      at readableAddChunkPushByteMode (node:internal/streams/readable:514:3)
      at Readable.push (node:internal/streams/readable:394:5)
      at Pipe.onStreamRead (node:internal/stream_base_commons:189:23)
[2m2:47:58 p.m.[22m [31m[1m[vite][22m[39m [31m[2m(client)[22m[39m Pre-transform error: Transform failed with 1 error:
C:/Users/dummy1/Documents/TorontoTransit/apps/web/src/router.tsx:755:0: ERROR: Unexpected end of file before a closing "section" tag
  Plugin: [35mvite:esbuild[39m
  File: [36mC:/Users/dummy1/Documents/TorontoTransit/apps/web/src/router.tsx[39m:755:0
[33m  
  [33mUnexpected end of file before a closing "section" tag[33m
  753 |              </div>
  754 |            </div>
  755 |  
      |  ^
  [39m
[2m2:49:48 p.m.[22m [31m[1m[vite][22m[39m [31mInternal server error: Transform failed with 2 errors:
C:/Users/dummy1/Documents/TorontoTransit/apps/web/src/router.tsx:865:10: ERROR: Unexpected closing "section" tag does not match opening "div" tag
C:/Users/dummy1/Documents/TorontoTransit/apps/web/src/router.tsx:957:0: ERROR: Unexpected end of file before a closing "section" tag[39m
  Plugin: [35mvite:esbuild[39m
  File: [36mC:/Users/dummy1/Documents/TorontoTransit/apps/web/src/router.tsx[39m:865:10
[33m  
  [33mUnexpected closing "section" tag does not match opening "div" tag[33m
  863 |                  }
  864 |                />
  865 |          </section>
      |            ^
  866 |  
  867 |          <section className="row g-4 mb-4 mb-lg-5">
  
  [33mUnexpected end of file before a closing "section" tag[33m
  955 |              </div>
  956 |            </div>
  957 |  
      |  ^
  [39m
      at failureErrorWithLog (C:\Users\dummy1\Documents\TorontoTransit\node_modules\esbuild\lib\main.js:1467:15)
      at C:\Users\dummy1\Documents\TorontoTransit\node_modules\esbuild\lib\main.js:736:50
      at responseCallbacks.<computed> (C:\Users\dummy1\Documents\TorontoTransit\node_modules\esbuild\lib\main.js:603:9)
      at handleIncomingPacket (C:\Users\dummy1\Documents\TorontoTransit\node_modules\esbuild\lib\main.js:658:12)
      at Socket.readFromStdout (C:\Users\dummy1\Documents\TorontoTransit\node_modules\esbuild\lib\main.js:581:7)
      at Socket.emit (node:events:508:28)
      at addChunk (node:internal/streams/readable:563:12)
      at readableAddChunkPushByteMode (node:internal/streams/readable:514:3)
      at Readable.push (node:internal/streams/readable:394:5)
      at Pipe.onStreamRead (node:internal/stream_base_commons:189:23)
[2m2:49:48 p.m.[22m [31m[1m[vite][22m[39m [31m[2m(client)[22m[39m Pre-transform error: Transform failed with 2 errors:
C:/Users/dummy1/Documents/TorontoTransit/apps/web/src/router.tsx:865:10: ERROR: Unexpected closing "section" tag does not match opening "div" tag
C:/Users/dummy1/Documents/TorontoTransit/apps/web/src/router.tsx:957:0: ERROR: Unexpected end of file before a closing "section" tag
  Plugin: [35mvite:esbuild[39m
  File: [36mC:/Users/dummy1/Documents/TorontoTransit/apps/web/src/router.tsx[39m:865:10
[33m  
  [33mUnexpected closing "section" tag does not match opening "div" tag[33m
  863 |                  }
  864 |                />
  865 |          </section>
      |            ^
  866 |  
  867 |          <section className="row g-4 mb-4 mb-lg-5">
  
  [33mUnexpected end of file before a closing "section" tag[33m
  955 |              </div>
  956 |            </div>
  957 |  
      |  ^
  [39m
[2m2:50:17 p.m.[22m [31m[1m[vite][22m[39m [31mInternal server error: Transform failed with 1 error:
C:/Users/dummy1/Documents/TorontoTransit/apps/web/src/router.tsx:1007:9: ERROR: Expected identifier but found "/"[39m
  Plugin: [35mvite:esbuild[39m
  File: [36mC:/Users/dummy1/Documents/TorontoTransit/apps/web/src/router.tsx[39m:1007:9
[33m  
  [33mExpected identifier but found "/"[33m
  1005 |    );
  1006 |  }
  1007 |          </section>
       |           ^
  1008 |  
  1009 |          <section className="row g-4 mb-4 mb-lg-5">
  [39m
      at failureErrorWithLog (C:\Users\dummy1\Documents\TorontoTransit\node_modules\esbuild\lib\main.js:1467:15)
      at C:\Users\dummy1\Documents\TorontoTransit\node_modules\esbuild\lib\main.js:736:50
      at responseCallbacks.<computed> (C:\Users\dummy1\Documents\TorontoTransit\node_modules\esbuild\lib\main.js:603:9)
      at handleIncomingPacket (C:\Users\dummy1\Documents\TorontoTransit\node_modules\esbuild\lib\main.js:658:12)
      at Socket.readFromStdout (C:\Users\dummy1\Documents\TorontoTransit\node_modules\esbuild\lib\main.js:581:7)
      at Socket.emit (node:events:508:28)
      at addChunk (node:internal/streams/readable:563:12)
      at readableAddChunkPushByteMode (node:internal/streams/readable:514:3)
      at Readable.push (node:internal/streams/readable:394:5)
      at Pipe.onStreamRead (node:internal/stream_base_commons:189:23)
[2m2:50:17 p.m.[22m [31m[1m[vite][22m[39m [31m[2m(client)[22m[39m Pre-transform error: Transform failed with 1 error:
C:/Users/dummy1/Documents/TorontoTransit/apps/web/src/router.tsx:1007:9: ERROR: Expected identifier but found "/"
  Plugin: [35mvite:esbuild[39m
  File: [36mC:/Users/dummy1/Documents/TorontoTransit/apps/web/src/router.tsx[39m:1007:9
[33m  
  [33mExpected identifier but found "/"[33m
  1005 |    );
  1006 |  }
  1007 |          </section>
       |           ^
  1008 |  
  1009 |          <section className="row g-4 mb-4 mb-lg-5">
  [39m
